<?xml version="1.0" encoding="utf-8"?><testsuites name="pytest tests"><testsuite name="pytest" errors="0" failures="0" skipped="0" tests="15" time="2.416" timestamp="2026-06-08T21:48:11.969553+00:00" hostname="agent-env-63a92940-6fa2-4227-90d6-fd138eb8ca9b"><testcase classname="backend.tests.test_mt5_phase1.TestMockRegression" name="test_kpis_mock" time="0.231" /><testcase classname="backend.tests.test_mt5_phase1.TestMockRegression" name="test_accounts_mock" time="0.127" /><testcase classname="backend.tests.test_mt5_phase1.TestMockRegression" name="test_account_detail_endpoints" time="0.378" /><testcase classname="backend.tests.test_mt5_phase1.TestMockRegression" name="test_kill_switch_toggle_mock" time="0.331" /><testcase classname="backend.tests.test_mt5_phase1.TestAdapter" name="test_drawdown_from_equity_basic" time="0.001" /><testcase classname="backend.tests.test_mt5_phase1.TestAdapter" name="test_drawdown_empty" time="0.000" /><testcase classname="backend.tests.test_mt5_phase1.TestAdapter" name="test_account_from_bridge_mapping" time="0.000" /><testcase classname="backend.tests.test_mt5_phase1.TestBridgeConfig" name="test_no_env" time="0.034" /><testcase classname="backend.tests.test_mt5_phase1.TestBridgeConfig" name="test_single_url" time="0.001" /><testcase classname="backend.tests.test_mt5_phase1.TestBridgeConfig" name="test_multi_urls" time="0.001" /><testcase classname="backend.tests.test_mt5_phase1.TestMT5ModeActivation" name="test_kpis_mt5_source" time="0.661" /><testcase classname="backend.tests.test_mt5_phase1.TestMT5ModeActivation" name="test_accounts_empty_when_bridge_unreachable" time="0.023" /><testcase classname="backend.tests.test_mt5_phase1.TestMT5ModeActivation" name="test_bridge_health_unreachable" time="0.022" /><testcase classname="backend.tests.test_mt5_phase1.TestMT5ModeActivation" name="test_kill_switch_persists_when_bridge_down" time="0.047" /><testcase classname="backend.tests.test_mt5_phase1.TestMT5ModeActivation" name="test_risk_limits_persist_and_merge" time="0.469" /></testsuite></testsuites>