<?xml version="1.0" encoding="utf-8"?><testsuites name="pytest tests"><testsuite name="pytest" errors="0" failures="0" skipped="0" tests="17" time="1.818" timestamp="2026-06-08T21:16:08.745278+00:00" hostname="agent-env-63a92940-6fa2-4227-90d6-fd138eb8ca9b"><testcase classname="backend.tests.test_mt5_api.TestKpis" name="test_get_kpis" time="0.281" /><testcase classname="backend.tests.test_mt5_api.TestAccounts" name="test_list_accounts" time="0.073" /><testcase classname="backend.tests.test_mt5_api.TestAccounts" name="test_get_account" time="0.055" /><testcase classname="backend.tests.test_mt5_api.TestAccounts" name="test_account_not_found" time="0.052" /><testcase classname="backend.tests.test_mt5_api.TestAccounts" name="test_equity_curve" time="0.054" /><testcase classname="backend.tests.test_mt5_api.TestAccounts" name="test_drawdown" time="0.055" /><testcase classname="backend.tests.test_mt5_api.TestAccounts" name="test_trades_default" time="0.060" /><testcase classname="backend.tests.test_mt5_api.TestAccounts" name="test_trades_symbol_filter" time="0.061" /><testcase classname="backend.tests.test_mt5_api.TestAccounts" name="test_trades_side_filter" time="0.055" /><testcase classname="backend.tests.test_mt5_api.TestAccounts" name="test_trades_invalid_side" time="0.073" /><testcase classname="backend.tests.test_mt5_api.TestRisk" name="test_kill_switch_toggle_and_persist" time="0.220" /><testcase classname="backend.tests.test_mt5_api.TestRisk" name="test_update_risk_limits" time="0.107" /><testcase classname="backend.tests.test_mt5_api.TestAlerts" name="test_list_alerts" time="0.055" /><testcase classname="backend.tests.test_mt5_api.TestAlerts" name="test_alerts_severity_filter" time="0.054" /><testcase classname="backend.tests.test_mt5_api.TestAlerts" name="test_ack_alert" time="0.114" /><testcase classname="backend.tests.test_mt5_api.TestAlerts" name="test_ack_alert_not_found" time="0.052" /><testcase classname="backend.tests.test_mt5_api.TestTick" name="test_tick_updates_equity" time="0.165" /></testsuite></testsuites>